<?xml version="1.0" encoding="UTF-8"?>
<testng-results skipped="0" failed="0" ignored="0" total="5" passed="5">
  <reporter-output>
  </reporter-output>
  <suite name="Default suite" duration-ms="68134" started-at="2023-03-16T18:52:07 IST" finished-at="2023-03-16T18:53:15 IST">
    <groups>
      <group name="cucumber">
        <method signature="AbstractTestNGCucumberTests.runScenario(io.cucumber.testng.PickleWrapper,io.cucumber.testng.FeatureWrapper)[pri:0, instance:runners.BlazeWebAppRunner@8b87145]" name="runScenario" class="io.cucumber.testng.AbstractTestNGCucumberTests"/>
      </group> <!-- cucumber -->
    </groups>
    <test name="Default test" duration-ms="68134" started-at="2023-03-16T18:52:07 IST" finished-at="2023-03-16T18:53:15 IST">
      <class name="runners.BlazeWebAppRunner">
        <test-method status="PASS" signature="setUpClass(org.testng.ITestContext)[pri:0, instance:runners.BlazeWebAppRunner@8b87145]" name="setUpClass" is-config="true" duration-ms="21924" started-at="2023-03-16T18:52:07 IST" finished-at="2023-03-16T18:52:29 IST">
          <params>
            <param index="0">
              <value>
                <![CDATA[org.testng.TestRunner@625a4ff]]>
              </value>
            </param>
          </params>
          <reporter-output>
          </reporter-output>
        </test-method> <!-- setUpClass -->
        <test-method status="PASS" signature="runScenario(io.cucumber.testng.PickleWrapper,io.cucumber.testng.FeatureWrapper)[pri:0, instance:runners.BlazeWebAppRunner@8b87145]" name="runScenario" duration-ms="8546" started-at="2023-03-16T18:52:29 IST" description="Runs Cucumber Scenarios" data-provider="scenarios" finished-at="2023-03-16T18:52:38 IST">
          <params>
            <param index="0">
              <value>
                <![CDATA["Login into an Application"]]>
              </value>
            </param>
            <param index="1">
              <value>
                <![CDATA["BlazeWebAppModuleTests"]]>
              </value>
            </param>
          </params>
          <reporter-output>
          </reporter-output>
        </test-method> <!-- runScenario -->
        <test-method status="PASS" signature="runScenario(io.cucumber.testng.PickleWrapper,io.cucumber.testng.FeatureWrapper)[pri:0, instance:runners.BlazeWebAppRunner@8b87145]" name="runScenario" duration-ms="8964" started-at="2023-03-16T18:52:38 IST" description="Runs Cucumber Scenarios" data-provider="scenarios" finished-at="2023-03-16T18:52:47 IST">
          <params>
            <param index="0">
              <value>
                <![CDATA["Add items to cart"]]>
              </value>
            </param>
            <param index="1">
              <value>
                <![CDATA["BlazeWebAppModuleTests"]]>
              </value>
            </param>
          </params>
          <reporter-output>
          </reporter-output>
        </test-method> <!-- runScenario -->
        <test-method status="PASS" signature="runScenario(io.cucumber.testng.PickleWrapper,io.cucumber.testng.FeatureWrapper)[pri:0, instance:runners.BlazeWebAppRunner@8b87145]" name="runScenario" duration-ms="10853" started-at="2023-03-16T18:52:47 IST" description="Runs Cucumber Scenarios" data-provider="scenarios" finished-at="2023-03-16T18:52:57 IST">
          <params>
            <param index="0">
              <value>
                <![CDATA["Add items to cart"]]>
              </value>
            </param>
            <param index="1">
              <value>
                <![CDATA["BlazeWebAppModuleTests"]]>
              </value>
            </param>
          </params>
          <reporter-output>
          </reporter-output>
        </test-method> <!-- runScenario -->
        <test-method status="PASS" signature="runScenario(io.cucumber.testng.PickleWrapper,io.cucumber.testng.FeatureWrapper)[pri:0, instance:runners.BlazeWebAppRunner@8b87145]" name="runScenario" duration-ms="5706" started-at="2023-03-16T18:52:57 IST" description="Runs Cucumber Scenarios" data-provider="scenarios" finished-at="2023-03-16T18:53:03 IST">
          <params>
            <param index="0">
              <value>
                <![CDATA["Delete an item"]]>
              </value>
            </param>
            <param index="1">
              <value>
                <![CDATA["BlazeWebAppModuleTests"]]>
              </value>
            </param>
          </params>
          <reporter-output>
          </reporter-output>
        </test-method> <!-- runScenario -->
        <test-method status="PASS" signature="runScenario(io.cucumber.testng.PickleWrapper,io.cucumber.testng.FeatureWrapper)[pri:0, instance:runners.BlazeWebAppRunner@8b87145]" name="runScenario" duration-ms="5250" started-at="2023-03-16T18:53:03 IST" description="Runs Cucumber Scenarios" data-provider="scenarios" finished-at="2023-03-16T18:53:08 IST">
          <params>
            <param index="0">
              <value>
                <![CDATA["Place an order"]]>
              </value>
            </param>
            <param index="1">
              <value>
                <![CDATA["BlazeWebAppModuleTests"]]>
              </value>
            </param>
          </params>
          <reporter-output>
          </reporter-output>
        </test-method> <!-- runScenario -->
        <test-method status="PASS" signature="tearDownClass()[pri:0, instance:runners.BlazeWebAppRunner@8b87145]" name="tearDownClass" is-config="true" duration-ms="6480" started-at="2023-03-16T18:53:09 IST" finished-at="2023-03-16T18:53:15 IST">
          <reporter-output>
          </reporter-output>
        </test-method> <!-- tearDownClass -->
      </class> <!-- runners.BlazeWebAppRunner -->
    </test> <!-- Default test -->
  </suite> <!-- Default suite -->
</testng-results>
